<?xml version="1.0" encoding="UTF-8"?>
<!-- Generated by org.testng.reporters.JUnitReportReporter -->
<testsuite hostname="REVFXQT2T3" failures="0" tests="2" name="Excel.ExcelDataProvider" time="9.160" errors="0" timestamp="2024-01-11T20:34:09 MST" skipped="0">
  <testcase classname="Excel.ExcelDataProvider" name="search" time="5.416"/>
  <system-out/>
  <testcase classname="Excel.ExcelDataProvider" name="search" time="3.744"/>
  <system-out/>
</testsuite> <!-- Excel.ExcelDataProvider -->
